============================= test session starts =============================
platform win32 -- Python 3.11.3, pytest-9.0.2, pluggy-1.6.0
rootdir: c:\Users\saiha\My_Service\programing\MCP\SharedMemoryServer
configfile: pytest.ini
plugins: anyio-4.12.1, langsmith-0.7.22, asyncio-1.3.0, cov-7.0.0
asyncio: mode=Mode.AUTO, debug=False, asyncio_default_fixture_loop_scope=None, asyncio_default_test_loop_scope=function
collected 3 items

..\tests\test_knowledge_injection.py F..                                 [100%]

================================== FAILURES ===================================
______________________ test_perform_keyword_search_unit _______________________

test_db_setup = {'db_path': 'C:\\Users\\saiha\\AppData\\Local\\Temp\\pytest-of-saiha\\pytest-295\\test_perform_keyword_search_un0\\tes...:\\Users\\saiha\\AppData\\Local\\Temp\\pytest-of-saiha\\pytest-295\\test_perform_keyword_search_un0\\test_thoughts.db'}

    @pytest.mark.asyncio
    async def test_perform_keyword_search_unit(test_db_setup):
        """
        [?????] search.perform_keyword_search ??????
        """
        # Rust??????
        results = await search.perform_keyword_search("Rust")
    
        # ??????????????
        assert len(results) > 0
        assert results[0]["id"] == "Rust"
>       assert results[0]["source"] == "entities"
E       AssertionError: assert 'observations' == 'entities'
E         
E         - entities
E         + observations

..\tests\test_knowledge_injection.py:52: AssertionError
=========================== short test summary info ===========================
FAILED ..\tests\test_knowledge_injection.py::test_perform_keyword_search_unit
========================= 1 failed, 2 passed in 1.41s =========================
